<?xml version="1.0" encoding="UTF-8"?>
<testsuite xmlns:xsi="http://www.w3.org/2001/XMLSchema-instance" xsi:noNamespaceSchemaLocation="https://maven.apache.org/surefire/maven-surefire-plugin/xsd/surefire-test-report-3.0.xsd" version="3.0" name="TestSuite" time="29.695" tests="2" errors="0" skipped="0" failures="1">
  <properties>
[...]
</properties>
  <testcase name="asUserTryToLogInWithIncorrectLoginAndPassword" classname="tests.FailedLoginTests" time="1.932">
    <system-out><![CDATA[[INFO ] 2022-01-13 21:00:08.364 [TestNG-tests-2] configuration.PropertiesLoader - Trying to load properties with file name: configuration.properties
[INFO ] 2022-01-13 21:00:08.364 [TestNG-tests-1] configuration.PropertiesLoader - Trying to load properties with file name: configuration.properties
[INFO ] 2022-01-13 21:00:08.378 [TestNG-tests-1] configuration.PropertiesLoader - Successfully loaded properties for file: configuration.properties
[INFO ] 2022-01-13 21:00:08.378 [TestNG-tests-2] configuration.PropertiesLoader - Successfully loaded properties for file: configuration.properties
[INFO ] 2022-01-13 21:00:17.659 [TestNG-tests-1] utils.testng.listeners.TestListener - Starting test: asUserTryToLogInWithIncorrectLoginAndPassword
[INFO ] 2022-01-13 21:00:18.189 [TestNG-tests-1] driver.listeners.DriverEventListener - Trying to find WebElement with locator By.name: username
[INFO ] 2022-01-13 21:00:18.288 [TestNG-tests-1] driver.listeners.DriverEventListener - Found WebElement with locator By.name: username
[INFO ] 2022-01-13 21:00:18.382 [TestNG-tests-1] driver.listeners.DriverEventListener - Trying to find WebElement with locator By.name: username
[INFO ] 2022-01-13 21:00:18.414 [TestNG-tests-1] driver.listeners.DriverEventListener - Found WebElement with locator By.name: username
[INFO ] 2022-01-13 21:00:18.416 [TestNG-tests-1] driver.listeners.DriverEventListener - Trying to type text [NotExistingLogin]
[INFO ] 2022-01-13 21:00:18.552 [TestNG-tests-1] driver.listeners.DriverEventListener - Typed text [NotExistingLogin]
[INFO ] 2022-01-13 21:00:18.558 [TestNG-tests-1] page.objects.LoginPage - Typed into User Name Field NotExistingLogin
[INFO ] 2022-01-13 21:00:18.562 [TestNG-tests-1] driver.listeners.DriverEventListener - Trying to find WebElement with locator By.name: password
[INFO ] 2022-01-13 21:00:18.619 [TestNG-tests-1] driver.listeners.DriverEventListener - Found WebElement with locator By.name: password
[INFO ] 2022-01-13 21:00:18.620 [TestNG-tests-1] driver.listeners.DriverEventListener - Trying to clear WebElement
[INFO ] 2022-01-13 21:00:18.698 [TestNG-tests-1] driver.listeners.DriverEventListener - Cleared WebElement [[RemoteWebDriver: chrome on WINDOWS (cee568d1c54133b88f7d22ae178bf375)] -> name: password]
[INFO ] 2022-01-13 21:00:18.699 [TestNG-tests-1] driver.listeners.DriverEventListener - Trying to find WebElement with locator By.name: password
[INFO ] 2022-01-13 21:00:18.734 [TestNG-tests-1] driver.listeners.DriverEventListener - Found WebElement with locator By.name: password
[INFO ] 2022-01-13 21:00:18.734 [TestNG-tests-1] driver.listeners.DriverEventListener - Trying to type text [NotProperPassword]
[INFO ] 2022-01-13 21:00:18.824 [TestNG-tests-1] driver.listeners.DriverEventListener - Typed text [NotProperPassword]
[INFO ] 2022-01-13 21:00:18.824 [TestNG-tests-1] page.objects.LoginPage - Typed into Password Field NotProperPassword
[INFO ] 2022-01-13 21:00:18.825 [TestNG-tests-1] driver.listeners.DriverEventListener - Trying to find WebElement with locator By.name: signon
[INFO ] 2022-01-13 21:00:18.859 [TestNG-tests-1] driver.listeners.DriverEventListener - Found WebElement with locator By.name: signon
[INFO ] 2022-01-13 21:00:18.860 [TestNG-tests-1] driver.listeners.DriverEventListener - Trying to click WebElement
[INFO ] 2022-01-13 21:00:19.012 [TestNG-tests-1] driver.listeners.DriverEventListener - Clicked WebElement
[INFO ] 2022-01-13 21:00:19.012 [TestNG-tests-1] page.objects.LoginPage - Clicked on Login Button
[INFO ] 2022-01-13 21:00:19.021 [TestNG-tests-1] page.objects.LoginPage - Checking if warning message Invalid username or password. Signon failed. is displayed
[INFO ] 2022-01-13 21:00:19.022 [TestNG-tests-1] driver.listeners.DriverEventListener - Trying to find WebElement with locator By.cssSelector: #Content ul[class='messages'] li
[INFO ] 2022-01-13 21:00:19.069 [TestNG-tests-1] driver.listeners.DriverEventListener - Found WebElement with locator By.cssSelector: #Content ul[class='messages'] li
[INFO ] 2022-01-13 21:00:19.278 [TestNG-tests-1] generic.assertions.AssertWebElement - Checking if element is displayed
[INFO ] 2022-01-13 21:00:19.279 [TestNG-tests-1] driver.listeners.DriverEventListener - Trying to find WebElement with locator By.cssSelector: #Content ul[class='messages'] li
[INFO ] 2022-01-13 21:00:19.315 [TestNG-tests-1] driver.listeners.DriverEventListener - Found WebElement with locator By.cssSelector: #Content ul[class='messages'] li
[INFO ] 2022-01-13 21:00:19.371 [TestNG-tests-1] generic.assertions.AssertWebElement - WebElement was displayed!
[INFO ] 2022-01-13 21:00:19.371 [TestNG-tests-1] generic.assertions.AssertWebElement - Checking if WebElement has text: Invalid username or password. Signon failed.
[INFO ] 2022-01-13 21:00:19.372 [TestNG-tests-1] driver.listeners.DriverEventListener - Trying to find WebElement with locator By.cssSelector: #Content ul[class='messages'] li
[INFO ] 2022-01-13 21:00:19.408 [TestNG-tests-1] driver.listeners.DriverEventListener - Found WebElement with locator By.cssSelector: #Content ul[class='messages'] li
[INFO ] 2022-01-13 21:00:19.484 [TestNG-tests-1] generic.assertions.AssertWebElement - WebElement had expected text!
[INFO ] 2022-01-13 21:00:19.493 [TestNG-tests-1] utils.testng.listeners.TestListener - Test asUserTryToLogInWithIncorrectLoginAndPassword passed successfully
]]></system-out>
    <system-err><![CDATA[sty 13, 2022 9:00:08 PM org.openqa.selenium.remote.tracing.opentelemetry.OpenTelemetryTracer createTracer
INFO: Using OpenTelemetry for tracing
sty 13, 2022 9:00:15 PM org.openqa.selenium.remote.ProtocolHandshake createSession
INFO: Detected dialect: W3C
]]></system-err>
  </testcase>
  <testcase name="asUserLoginUsingValidLoginAndPassword" classname="tests.PositiveLoginTests" time="3.451">
    <failure message="Element was not displayed!" type="java.lang.AssertionError"><![CDATA[java.lang.AssertionError: Element was not displayed!
	at tests.PositiveLoginTests.asUserLoginUsingValidLoginAndPassword(PositiveLoginTests.java:27)
]]></failure>
    <system-out><![CDATA[[INFO ] 2022-01-13 21:00:31.240 [TestNG-tests-2] utils.testng.listeners.TestListener - Starting test: asUserLoginUsingValidLoginAndPassword
[INFO ] 2022-01-13 21:00:31.387 [TestNG-tests-2] driver.listeners.DriverEventListener - Trying to find WebElement with locator By.name: username
[INFO ] 2022-01-13 21:00:31.410 [TestNG-tests-2] driver.listeners.DriverEventListener - Found WebElement with locator By.name: username
[INFO ] 2022-01-13 21:00:31.449 [TestNG-tests-2] driver.listeners.DriverEventListener - Trying to find WebElement with locator By.name: username
[INFO ] 2022-01-13 21:00:31.467 [TestNG-tests-2] driver.listeners.DriverEventListener - Found WebElement with locator By.name: username
[INFO ] 2022-01-13 21:00:31.467 [TestNG-tests-2] driver.listeners.DriverEventListener - Trying to type text [j2ee]
[INFO ] 2022-01-13 21:00:31.504 [TestNG-tests-2] driver.listeners.DriverEventListener - Typed text [j2ee]
[INFO ] 2022-01-13 21:00:31.504 [TestNG-tests-2] page.objects.LoginPage - Typed into User Name Field j2ee
[INFO ] 2022-01-13 21:00:31.505 [TestNG-tests-2] driver.listeners.DriverEventListener - Trying to find WebElement with locator By.name: password
[INFO ] 2022-01-13 21:00:31.534 [TestNG-tests-2] driver.listeners.DriverEventListener - Found WebElement with locator By.name: password
[INFO ] 2022-01-13 21:00:31.534 [TestNG-tests-2] driver.listeners.DriverEventListener - Trying to clear WebElement
[INFO ] 2022-01-13 21:00:31.586 [TestNG-tests-2] driver.listeners.DriverEventListener - Cleared WebElement [[RemoteWebDriver: chrome on WINDOWS (390c79dded6eebb2fb8a84d425a5fdbb)] -> name: password]
[INFO ] 2022-01-13 21:00:31.586 [TestNG-tests-2] driver.listeners.DriverEventListener - Trying to find WebElement with locator By.name: password
[INFO ] 2022-01-13 21:00:31.612 [TestNG-tests-2] driver.listeners.DriverEventListener - Found WebElement with locator By.name: password
[INFO ] 2022-01-13 21:00:31.612 [TestNG-tests-2] driver.listeners.DriverEventListener - Trying to type text [j2ee]
[INFO ] 2022-01-13 21:00:31.677 [TestNG-tests-2] driver.listeners.DriverEventListener - Typed text [j2ee]
[INFO ] 2022-01-13 21:00:31.677 [TestNG-tests-2] page.objects.LoginPage - Typed into Password Field j2ee
[INFO ] 2022-01-13 21:00:31.677 [TestNG-tests-2] driver.listeners.DriverEventListener - Trying to find WebElement with locator By.name: signon
[INFO ] 2022-01-13 21:00:31.707 [TestNG-tests-2] driver.listeners.DriverEventListener - Found WebElement with locator By.name: signon
[INFO ] 2022-01-13 21:00:31.707 [TestNG-tests-2] driver.listeners.DriverEventListener - Trying to click WebElement
[INFO ] 2022-01-13 21:00:31.939 [TestNG-tests-2] driver.listeners.DriverEventListener - Clicked WebElement
[INFO ] 2022-01-13 21:00:31.939 [TestNG-tests-2] page.objects.LoginPage - Clicked on Login Button
[INFO ] 2022-01-13 21:00:31.940 [TestNG-tests-2] page.objects.FooterPage - Checking if dog banner is displayed
[INFO ] 2022-01-13 21:00:31.940 [TestNG-tests-2] driver.listeners.DriverEventListener - Trying to find WebElement list with locator By.cssSelector: #Banner img[src*='dog']
[INFO ] 2022-01-13 21:00:31.976 [TestNG-tests-2] driver.listeners.DriverEventListener - Found WebElements list with locator By.cssSelector: #Banner img[src*='dog']
[INFO ] 2022-01-13 21:00:32.012 [TestNG-tests-2] driver.listeners.DriverEventListener - Trying to find WebElement list with locator By.cssSelector: #Banner img[src*='dog']
[INFO ] 2022-01-13 21:00:32.030 [TestNG-tests-2] driver.listeners.DriverEventListener - Found WebElements list with locator By.cssSelector: #Banner img[src*='dog']
[INFO ] 2022-01-13 21:00:32.031 [TestNG-tests-2] generic.assertions.AssertWebElement - Checking if element is displayed
[INFO ] 2022-01-13 21:00:32.075 [TestNG-tests-2] utils.testng.listeners.RetryAnalyzer - Retrying test method asUserLoginUsingValidLoginAndPassword!
[INFO ] 2022-01-13 21:00:32.075 [TestNG-tests-2] utils.testng.listeners.TestListener - Test asUserLoginUsingValidLoginAndPassword failed!
]]></system-out>
    <system-err><![CDATA[sty 13, 2022 9:00:29 PM org.openqa.selenium.remote.ProtocolHandshake createSession
INFO: Detected dialect: W3C
]]></system-err>
  </testcase>
</testsuite>